<?xml version="1.0" encoding="UTF-8"?>
<testsuite name="com.jhjoo.atdd.membership.service.MembershipServiceTest" tests="10" skipped="0" failures="0" errors="0" timestamp="2023-03-10T04:57:52" hostname="cardocs-MacBook-Pro.local" time="0.352">
  <properties/>
  <testcase name="멤버십등록성공()" classname="com.jhjoo.atdd.membership.service.MembershipServiceTest" time="0.33"/>
  <testcase name="멤버십목록조회()" classname="com.jhjoo.atdd.membership.service.MembershipServiceTest" time="0.002"/>
  <testcase name="멤버십삭제성공()" classname="com.jhjoo.atdd.membership.service.MembershipServiceTest" time="0.005"/>
  <testcase name="멤버십적립성공()" classname="com.jhjoo.atdd.membership.service.MembershipServiceTest" time="0.001"/>
  <testcase name="멤버십적립실패_존재하지않음()" classname="com.jhjoo.atdd.membership.service.MembershipServiceTest" time="0.001"/>
  <testcase name="멤버십상세조회성공()" classname="com.jhjoo.atdd.membership.service.MembershipServiceTest" time="0.001"/>
  <testcase name="멤버십상세조회실패_존재하지않음()" classname="com.jhjoo.atdd.membership.service.MembershipServiceTest" time="0.001"/>
  <testcase name="멤버십등록실패_이미존재()" classname="com.jhjoo.atdd.membership.service.MembershipServiceTest" time="0.001"/>
  <testcase name="멤버십삭제실패_존재하지않음()" classname="com.jhjoo.atdd.membership.service.MembershipServiceTest" time="0.001"/>
  <testcase name="멤버십삭제실패_본인이아님()" classname="com.jhjoo.atdd.membership.service.MembershipServiceTest" time="0.001"/>
  <system-out><![CDATA[]]></system-out>
  <system-err><![CDATA[]]></system-err>
</testsuite>
